Added Component: Designator=U3(MODULE_MSP-EXP430G2ET)
Add component (AddParameter): Name = "Availability"; Value = "In Stock"; VariantName = "[No Variations]"
Add component (AddParameter): Name = "Check_prices"; Value = "https://www.snapeda.com/parts/MSP-EXP430G2ET/Texas+Instruments/view-part/?ref=eda"; VariantName = "[No Variations]"
Add component (AddParameter): Name = "MF"; Value = "Texas Instruments"; VariantName = "[No Variations]"
Add component (AddParameter): Name = "MP"; Value = "MSP-EXP430G2ET"; VariantName = "[No Variations]"
Add component (AddParameter): Name = "Package"; Value = "None"; VariantName = "[No Variations]"
Add component (AddParameter): Name = "Price"; Value = "None"; VariantName = "[No Variations]"
Add component (AddParameter): Name = "Purchase-URL"; Value = "https://pricing.snapeda.com/search/part/MSP-EXP430G2ET/?ref=eda"; VariantName = "[No Variations]"
Add component (AddParameter): Name = "SnapEDA_Link"; Value = "https://www.snapeda.com/parts/MSP-EXP430G2ET/Texas+Instruments/view-part/?ref=snap"; VariantName = "[No Variations]"
Add component (AddParameter): Name = "Value"; Value = ""; VariantName = "[No Variations]"
Added Pin To Net: NetName=3V3 Pin=U3-1
Added Pin To Net: NetName=INT Pin=U3-2
Added Pin To Net: NetName=RST Pin=U3-3
Added Pin To Net: NetName=SCK Pin=U3-7
Added Pin To Net: NetName=TEMP_SENS Pin=U3-8
Added Pin To Net: NetName=SCL Pin=U3-9
Added Pin To Net: NetName=SDA Pin=U3-10
Added Pin To Net: NetName=MISO Pin=U3-14
Added Pin To Net: NetName=MOSI Pin=U3-15
Added Pin To Net: NetName=NetR1_1 Pin=U3-16
Added Pin To Net: NetName=GND Pin=U3-20
Added Pin To Net: NetName=5V Pin=U3-21
Added Pin To Net: NetName=GND Pin=U3-22
Added Member To Class: ClassName=IOT_Sheet Member=Component U3 MSP-EXP430G2ET
