Removed Member From Class: ClassName=IOT_Sheet Member=BT?
Change Component Designator: OldDesignator=Q? NewDesignator=Q1
Change Component Designator: OldDesignator=U? NewDesignator=U1
Change Component Designator: OldDesignator=U? NewDesignator=U2
Change Component Designator: OldDesignator=U? NewDesignator=U3
Added Component: Designator=P2(HDR1X2)
Add component (AddParameter): Name = "LatestRevisionDate"; Value = "17-Jul-2002"; VariantName = "[No Variations]"
Add component (AddParameter): Name = "LatestRevisionNote"; Value = "Re-released for DXP Platform."; VariantName = "[No Variations]"
Add component (AddParameter): Name = "Publisher"; Value = "Altium Limited"; VariantName = "[No Variations]"
Added Component: Designator=R1(AXIAL-0.3)
Add component (AddParameter): Name = "LatestRevisionDate"; Value = "17-Jul-2002"; VariantName = "[No Variations]"
Add component (AddParameter): Name = "LatestRevisionNote"; Value = "Re-released for DXP Platform."; VariantName = "[No Variations]"
Add component (AddParameter): Name = "PackageDescription"; Value = "Axial Device, Thru-Hole; 2 Leads; 0.3 in Pin Spacing"; VariantName = "[No Variations]"
Add component (AddParameter): Name = "PackageReference"; Value = "AXIAL-0.3"; VariantName = "[No Variations]"
Add component (AddParameter): Name = "Published"; Value = "8-Jun-2000"; VariantName = "[No Variations]"
Add component (AddParameter): Name = "Publisher"; Value = "Altium Limited"; VariantName = "[No Variations]"
Add component (AddParameter): Name = "Value"; Value = "10K"; VariantName = "[No Variations]"
Added Component: Designator=SW1(SW_1825910-6-4)
Add component (AddParameter): Name = "Check_prices"; Value = "https://www.snapeda.com/parts/1825910-6/TE+Connectivity+ALCOSWITCH+Switches/view-part/?ref=eda"; VariantName = "[No Variations]"
Add component (AddParameter): Name = "Digi-Key_Part_Number"; Value = "450-1650-ND"; VariantName = "[No Variations]"
Add component (AddParameter): Name = "MF"; Value = "TE Connectivity"; VariantName = "[No Variations]"
Add component (AddParameter): Name = "MP"; Value = "1825910-6"; VariantName = "[No Variations]"
Add component (AddParameter): Name = "Package"; Value = "None"; VariantName = "[No Variations]"
Add component (AddParameter): Name = "Purchase-URL"; Value = "https://pricing.snapeda.com/search/part/1825910-6/?ref=eda"; VariantName = "[No Variations]"
Add component (AddParameter): Name = "SnapEDA_Link"; Value = "https://www.snapeda.com/parts/1825910-6/TE+Connectivity+ALCOSWITCH+Switches/view-part/?ref=snap"; VariantName = "[No Variations]"
Add component (AddParameter): Name = "Value"; Value = ""; VariantName = "[No Variations]"
Added Pin To Net: NetName=3V3 Pin=P2-2
Added Pin To Net: NetName=3V3 Pin=Q1-3
Added Pin To Net: NetName=3V3 Pin=R1-2
Added Pin To Net: NetName=3V3 Pin=U1-3
Added Pin To Net: NetName=3V3 Pin=U3-1
Added Net: Name=3V3
Added Pin To Net: NetName=5V Pin=U2-1
Added Pin To Net: NetName=5V Pin=U3-21
Added Net: Name=5V
Added Pin To Net: NetName=GND Pin=P2-1
Added Pin To Net: NetName=GND Pin=Q1-1
Added Pin To Net: NetName=GND Pin=SW1-1
Added Pin To Net: NetName=GND Pin=SW1-2
Added Pin To Net: NetName=GND Pin=U1-1
Added Pin To Net: NetName=GND Pin=U1-2
Added Pin To Net: NetName=GND Pin=U1-9
Added Pin To Net: NetName=GND Pin=U1-16
Added Pin To Net: NetName=GND Pin=U2-2
Added Pin To Net: NetName=GND Pin=U2-7
Added Pin To Net: NetName=GND Pin=U3-20
Added Pin To Net: NetName=GND Pin=U3-22
Added Net: Name=GND
Added Pin To Net: NetName=INT Pin=U2-8
Added Pin To Net: NetName=INT Pin=U3-2
Added Net: Name=INT
Added Pin To Net: NetName=MISO Pin=U1-12
Added Pin To Net: NetName=MISO Pin=U3-14
Added Net: Name=MISO
Added Pin To Net: NetName=MOSI Pin=U1-11
Added Pin To Net: NetName=MOSI Pin=U3-15
Added Net: Name=MOSI
Added Pin To Net: NetName=NetR1_1 Pin=R1-1
Added Pin To Net: NetName=NetR1_1 Pin=SW1-3
Added Pin To Net: NetName=NetR1_1 Pin=SW1-4
Added Pin To Net: NetName=NetR1_1 Pin=U3-16
Added Net: Name=NetR1_1
Added Pin To Net: NetName=RST Pin=U1-4
Added Pin To Net: NetName=RST Pin=U3-3
Added Net: Name=RST
Added Pin To Net: NetName=SCK Pin=U1-13
Added Pin To Net: NetName=SCK Pin=U3-7
Added Net: Name=SCK
Added Pin To Net: NetName=SCL Pin=U2-3
Added Pin To Net: NetName=SCL Pin=U3-9
Added Net: Name=SCL
Added Pin To Net: NetName=SDA Pin=U2-4
Added Pin To Net: NetName=SDA Pin=U3-10
Added Net: Name=SDA
Added Pin To Net: NetName=TEMP_SENS Pin=Q1-2
Added Pin To Net: NetName=TEMP_SENS Pin=U3-8
Added Net: Name=TEMP_SENS
Added Member To Class: ClassName=IOT_Sheet Member=Component P2 Header 2
Added Member To Class: ClassName=IOT_Sheet Member=Component R1 Res1
Added Member To Class: ClassName=IOT_Sheet Member=Component SW1 1825910-6
Added Member To Class: ClassName=IOT_Sheet Member=Component U1 LoRa_ra01
Added Member To Class: ClassName=IOT_Sheet Member=Component U3 MSP-EXP430G2ET
