Removed Pin From Net: NetName=3V3 Pin=R1-2
Removed Pin From Net: NetName=GND Pin=SW1-1
Removed Pin From Net: NetName=GND Pin=SW1-2
Removed Pin From Net: NetName=3V3 Pin=U3-1
Removed Pin From Net: NetName=INT Pin=U3-2
Removed Pin From Net: NetName=RST Pin=U3-3
Removed Pin From Net: NetName=SCK Pin=U3-7
Removed Pin From Net: NetName=TEMP_SENS Pin=U3-8
Removed Pin From Net: NetName=SCL Pin=U3-9
Removed Pin From Net: NetName=SDA Pin=U3-10
Removed Pin From Net: NetName=MISO Pin=U3-14
Removed Pin From Net: NetName=MOSI Pin=U3-15
Removed Pin From Net: NetName=GND Pin=U3-20
Removed Pin From Net: NetName=5V Pin=U3-21
Removed Pin From Net: NetName=GND Pin=U3-22
Removed Member From Class: ClassName=IOT_Sheet Member=R1
Removed Member From Class: ClassName=IOT_Sheet Member=SW1
Removed Member From Class: ClassName=IOT_Sheet Member=U3
Added Component: Designator=P1(HDR1X10)
Add component (AddParameter): Name = "LatestRevisionDate"; Value = "17-Jul-2002"; VariantName = "[No Variations]"
Add component (AddParameter): Name = "LatestRevisionNote"; Value = "Re-released for DXP Platform."; VariantName = "[No Variations]"
Add component (AddParameter): Name = "Publisher"; Value = "Altium Limited"; VariantName = "[No Variations]"
Added Pin To Net: NetName=INT Pin=P1-1
Added Pin To Net: NetName=RST Pin=P1-2
Added Pin To Net: NetName=SCK Pin=P1-3
Added Pin To Net: NetName=MISO Pin=P1-4
Added Pin To Net: NetName=MOSI Pin=P1-5
Added Pin To Net: NetName=SDA Pin=P1-6
Added Pin To Net: NetName=SCL Pin=P1-7
Added Pin To Net: NetName=TEMP_SENS Pin=P1-8
Added Pin To Net: NetName=5V Pin=P1-9
Added Pin To Net: NetName=GND Pin=P1-10
Added Member To Class: ClassName=IOT_Sheet Member=Component P1 Header 10
